Release 14.7 - xst P.20160913 (lin64)
Copyright (c) 1995-2013 Xilinx, Inc.  All rights reserved.
--> 
Parameter TMPDIR set to xst/projnav.tmp


Total REAL time to Xst completion: 1.00 secs
Total CPU time to Xst completion: 0.11 secs
 
--> 
Parameter xsthdpdir set to xst


Total REAL time to Xst completion: 1.00 secs
Total CPU time to Xst completion: 0.11 secs
 
--> 
Reading design: mojo_top.prj

TABLE OF CONTENTS
  1) Synthesis Options Summary
  2) HDL Parsing
  3) HDL Elaboration
  4) HDL Synthesis
       4.1) HDL Synthesis Report
  5) Advanced HDL Synthesis
       5.1) Advanced HDL Synthesis Report
  6) Low Level Synthesis
  7) Partition Report
  8) Design Summary
       8.1) Primitive and Black Box Usage
       8.2) Device utilization summary
       8.3) Partition Resource Summary
       8.4) Timing Report
            8.4.1) Clock Information
            8.4.2) Asynchronous Control Signals Information
            8.4.3) Timing Summary
            8.4.4) Timing Details
            8.4.5) Cross Clock Domains Report


=========================================================================
*                      Synthesis Options Summary                        *
=========================================================================
---- Source Parameters
Input File Name                    : "mojo_top.prj"
Ignore Synthesis Constraint File   : NO

---- Target Parameters
Output File Name                   : "mojo_top"
Output Format                      : NGC
Target Device                      : xc6slx9-3-tqg144

---- Source Options
Top Module Name                    : mojo_top
Automatic FSM Extraction           : YES
FSM Encoding Algorithm             : Auto
Safe Implementation                : No
FSM Style                          : LUT
RAM Extraction                     : Yes
RAM Style                          : Auto
ROM Extraction                     : Yes
Shift Register Extraction          : YES
ROM Style                          : Auto
Resource Sharing                   : YES
Asynchronous To Synchronous        : NO
Shift Register Minimum Size        : 2
Use DSP Block                      : Auto
Automatic Register Balancing       : No

---- Target Options
LUT Combining                      : Auto
Reduce Control Sets                : Auto
Add IO Buffers                     : YES
Global Maximum Fanout              : 100000
Add Generic Clock Buffer(BUFG)     : 16
Register Duplication               : YES
Optimize Instantiated Primitives   : NO
Use Clock Enable                   : Auto
Use Synchronous Set                : Auto
Use Synchronous Reset              : Auto
Pack IO Registers into IOBs        : Auto
Equivalent register Removal        : YES

---- General Options
Optimization Goal                  : Speed
Optimization Effort                : 1
Power Reduction                    : NO
Keep Hierarchy                     : No
Netlist Hierarchy                  : As_Optimized
RTL Output                         : Yes
Global Optimization                : AllClockNets
Read Cores                         : YES
Write Timing Constraints           : NO
Cross Clock Analysis               : NO
Hierarchy Separator                : /
Bus Delimiter                      : <>
Case Specifier                     : Maintain
Slice Utilization Ratio            : 100
BRAM Utilization Ratio             : 100
DSP48 Utilization Ratio            : 100
Auto BRAM Packing                  : NO
Slice Utilization Ratio Delta      : 5

=========================================================================


=========================================================================
*                          HDL Parsing                                  *
=========================================================================
Analyzing Verilog file "/home/ise/Verilog/mojo-base-project-master/src/mojo_top.v" into library work
Parsing module <mojo_top>.

=========================================================================
*                            HDL Elaboration                            *
=========================================================================

Elaborating module <mojo_top>.

=========================================================================
*                           HDL Synthesis                               *
=========================================================================

Synthesizing Unit <mojo_top>.
    Related source file is "/home/ise/Verilog/mojo-base-project-master/src/mojo_top.v".
WARNING:Xst:647 - Input <rst_n> is never used. This port will be preserved and left unconnected if it belongs to a top-level block or it belongs to a sub-block and the hierarchy of this sub-block is preserved.
WARNING:Xst:647 - Input <cclk> is never used. This port will be preserved and left unconnected if it belongs to a top-level block or it belongs to a sub-block and the hierarchy of this sub-block is preserved.
WARNING:Xst:647 - Input <spi_ss> is never used. This port will be preserved and left unconnected if it belongs to a top-level block or it belongs to a sub-block and the hierarchy of this sub-block is preserved.
WARNING:Xst:647 - Input <spi_mosi> is never used. This port will be preserved and left unconnected if it belongs to a top-level block or it belongs to a sub-block and the hierarchy of this sub-block is preserved.
WARNING:Xst:647 - Input <spi_sck> is never used. This port will be preserved and left unconnected if it belongs to a top-level block or it belongs to a sub-block and the hierarchy of this sub-block is preserved.
WARNING:Xst:647 - Input <avr_tx> is never used. This port will be preserved and left unconnected if it belongs to a top-level block or it belongs to a sub-block and the hierarchy of this sub-block is preserved.
WARNING:Xst:647 - Input <avr_rx_busy> is never used. This port will be preserved and left unconnected if it belongs to a top-level block or it belongs to a sub-block and the hierarchy of this sub-block is preserved.
    Found 32-bit register for signal <clk_div_reg>.
    Found 1-bit register for signal <led1_state>.
    Found 32-bit adder for signal <clk_div_reg[31]_GND_1_o_add_4_OUT> created at line 49.
    Found 1-bit tristate buffer for signal <spi_miso> created at line 30
    Found 1-bit tristate buffer for signal <avr_rx> created at line 31
    Found 1-bit tristate buffer for signal <spi_channel<3>> created at line 32
    Found 1-bit tristate buffer for signal <spi_channel<2>> created at line 32
    Found 1-bit tristate buffer for signal <spi_channel<1>> created at line 32
    Found 1-bit tristate buffer for signal <spi_channel<0>> created at line 32
    Found 32-bit comparator greater for signal <GND_1_o_clk_div_reg[31]_LessThan_4_o> created at line 44
    Summary:
	inferred   1 Adder/Subtractor(s).
	inferred  33 D-type flip-flop(s).
	inferred   1 Comparator(s).
	inferred   6 Tristate(s).
Unit <mojo_top> synthesized.

=========================================================================
HDL Synthesis Report

Macro Statistics
# Adders/Subtractors                                   : 1
 32-bit adder                                          : 1
# Registers                                            : 2
 1-bit register                                        : 1
 32-bit register                                       : 1
# Comparators                                          : 1
 32-bit comparator greater                             : 1
# Tristates                                            : 6
 1-bit tristate buffer                                 : 6

=========================================================================

=========================================================================
*                       Advanced HDL Synthesis                          *
=========================================================================


Synthesizing (advanced) Unit <mojo_top>.
The following registers are absorbed into counter <clk_div_reg>: 1 register on signal <clk_div_reg>.
Unit <mojo_top> synthesized (advanced).

=========================================================================
Advanced HDL Synthesis Report

Macro Statistics
# Counters                                             : 1
 32-bit up counter                                     : 1
# Registers                                            : 1
 Flip-Flops                                            : 1
# Comparators                                          : 1
 32-bit comparator greater                             : 1

=========================================================================

=========================================================================
*                         Low Level Synthesis                           *
=========================================================================

Optimizing unit <mojo_top> ...
WARNING:Xst:1710 - FF/Latch <clk_div_reg_26> (without init value) has a constant value of 0 in block <mojo_top>. This FF/Latch will be trimmed during the optimization process.
WARNING:Xst:1895 - Due to other FF/Latch trimming, FF/Latch <clk_div_reg_27> (without init value) has a constant value of 0 in block <mojo_top>. This FF/Latch will be trimmed during the optimization process.
WARNING:Xst:1895 - Due to other FF/Latch trimming, FF/Latch <clk_div_reg_28> (without init value) has a constant value of 0 in block <mojo_top>. This FF/Latch will be trimmed during the optimization process.
WARNING:Xst:1895 - Due to other FF/Latch trimming, FF/Latch <clk_div_reg_29> (without init value) has a constant value of 0 in block <mojo_top>. This FF/Latch will be trimmed during the optimization process.
WARNING:Xst:1895 - Due to other FF/Latch trimming, FF/Latch <clk_div_reg_30> (without init value) has a constant value of 0 in block <mojo_top>. This FF/Latch will be trimmed during the optimization process.
WARNING:Xst:1895 - Due to other FF/Latch trimming, FF/Latch <clk_div_reg_31> (without init value) has a constant value of 0 in block <mojo_top>. This FF/Latch will be trimmed during the optimization process.

Mapping all equations...
Building and optimizing final netlist ...
Found area constraint ratio of 100 (+ 5) on block mojo_top, actual ratio is 0.

Final Macro Processing ...

=========================================================================
Final Register Report

Macro Statistics
# Registers                                            : 27
 Flip-Flops                                            : 27

=========================================================================

=========================================================================
*                           Partition Report                            *
=========================================================================

Partition Implementation Status
-------------------------------

  No Partitions were found in this design.

-------------------------------

=========================================================================
*                            Design Summary                             *
=========================================================================

Top Level Output File Name         : mojo_top.ngc

Primitive and Black Box Usage:
------------------------------
# BELS                             : 117
#      GND                         : 1
#      INV                         : 1
#      LUT1                        : 26
#      LUT2                        : 24
#      LUT5                        : 5
#      MUXCY                       : 33
#      VCC                         : 1
#      XORCY                       : 26
# FlipFlops/Latches                : 27
#      FD                          : 24
#      FDR                         : 3
# Clock Buffers                    : 1
#      BUFGP                       : 1
# IO Buffers                       : 15
#      IBUF                        : 1
#      OBUF                        : 8
#      OBUFT                       : 6

Device utilization summary:
---------------------------

Selected Device : 6slx9tqg144-3 


Slice Logic Utilization: 
 Number of Slice Registers:              27  out of  11440     0%  
 Number of Slice LUTs:                   56  out of   5720     0%  
    Number used as Logic:                56  out of   5720     0%  

Slice Logic Distribution: 
 Number of LUT Flip Flop pairs used:     56
   Number with an unused Flip Flop:      29  out of     56    51%  
   Number with an unused LUT:             0  out of     56     0%  
   Number of fully used LUT-FF pairs:    27  out of     56    48%  
   Number of unique control sets:         2

IO Utilization: 
 Number of IOs:                          23
 Number of bonded IOBs:                  16  out of    102    15%  

Specific Feature Utilization:
 Number of BUFG/BUFGCTRLs:                1  out of     16     6%  

---------------------------
Partition Resource Summary:
---------------------------

  No Partitions were found in this design.

---------------------------


=========================================================================
Timing Report

NOTE: THESE TIMING NUMBERS ARE ONLY A SYNTHESIS ESTIMATE.
      FOR ACCURATE TIMING INFORMATION PLEASE REFER TO THE TRACE REPORT
      GENERATED AFTER PLACE-and-ROUTE.

Clock Information:
------------------
-----------------------------------+------------------------+-------+
Clock Signal                       | Clock buffer(FF name)  | Load  |
-----------------------------------+------------------------+-------+
clk                                | BUFGP                  | 27    |
-----------------------------------+------------------------+-------+

Asynchronous Control Signals Information:
----------------------------------------
No asynchronous control signals found in this design

Timing Summary:
---------------
Speed Grade: -3

   Minimum period: 3.397ns (Maximum Frequency: 294.382MHz)
   Minimum input arrival time before clock: No path found
   Maximum output required time after clock: 3.634ns
   Maximum combinational path delay: 4.372ns

Timing Details:
---------------
All values displayed in nanoseconds (ns)

=========================================================================
Timing constraint: Default period analysis for Clock 'clk'
  Clock period: 3.397ns (frequency: 294.382MHz)
  Total number of paths / destination ports: 1081 / 30
-------------------------------------------------------------------------
Delay:               3.397ns (Levels of Logic = 9)
  Source:            clk_div_reg_0 (FF)
  Destination:       clk_div_reg_0 (FF)
  Source Clock:      clk rising
  Destination Clock: clk rising

  Data Path: clk_div_reg_0 to clk_div_reg_0
                                Gate     Net
    Cell:in->out      fanout   Delay   Delay  Logical Name (Net Name)
    ----------------------------------------  ------------
     FD:C->Q               2   0.447   0.961  clk_div_reg_0 (clk_div_reg_0)
     LUT5:I0->O            1   0.203   0.000  Mcompar_GND_1_o_clk_div_reg[31]_LessThan_4_o_lut<0> (Mcompar_GND_1_o_clk_div_reg[31]_LessThan_4_o_lut<0>)
     MUXCY:S->O            1   0.172   0.000  Mcompar_GND_1_o_clk_div_reg[31]_LessThan_4_o_cy<0> (Mcompar_GND_1_o_clk_div_reg[31]_LessThan_4_o_cy<0>)
     MUXCY:CI->O           1   0.019   0.000  Mcompar_GND_1_o_clk_div_reg[31]_LessThan_4_o_cy<1> (Mcompar_GND_1_o_clk_div_reg[31]_LessThan_4_o_cy<1>)
     MUXCY:CI->O           1   0.019   0.000  Mcompar_GND_1_o_clk_div_reg[31]_LessThan_4_o_cy<2> (Mcompar_GND_1_o_clk_div_reg[31]_LessThan_4_o_cy<2>)
     MUXCY:CI->O           1   0.019   0.000  Mcompar_GND_1_o_clk_div_reg[31]_LessThan_4_o_cy<3> (Mcompar_GND_1_o_clk_div_reg[31]_LessThan_4_o_cy<3>)
     MUXCY:CI->O           1   0.019   0.000  Mcompar_GND_1_o_clk_div_reg[31]_LessThan_4_o_cy<4> (Mcompar_GND_1_o_clk_div_reg[31]_LessThan_4_o_cy<4>)
     MUXCY:CI->O           1   0.019   0.000  Mcompar_GND_1_o_clk_div_reg[31]_LessThan_4_o_cy<5> (Mcompar_GND_1_o_clk_div_reg[31]_LessThan_4_o_cy<5>)
     MUXCY:CI->O          25   0.019   1.193  Mcompar_GND_1_o_clk_div_reg[31]_LessThan_4_o_cy<6> (Mcompar_GND_1_o_clk_div_reg[31]_LessThan_4_o_cy<6>)
     LUT2:I1->O            1   0.205   0.000  clk_div_reg_0_rstpot (clk_div_reg_0_rstpot)
     FD:D                      0.102          clk_div_reg_0
    ----------------------------------------
    Total                      3.397ns (1.243ns logic, 2.154ns route)
                                       (36.6% logic, 63.4% route)

=========================================================================
Timing constraint: Default OFFSET OUT AFTER for Clock 'clk'
  Total number of paths / destination ports: 1 / 1
-------------------------------------------------------------------------
Offset:              3.634ns (Levels of Logic = 1)
  Source:            led1_state (FF)
  Destination:       led<1> (PAD)
  Source Clock:      clk rising

  Data Path: led1_state to led<1>
                                Gate     Net
    Cell:in->out      fanout   Delay   Delay  Logical Name (Net Name)
    ----------------------------------------  ------------
     FD:C->Q               2   0.447   0.616  led1_state (led1_state)
     OBUF:I->O                 2.571          led_1_OBUF (led<1>)
    ----------------------------------------
    Total                      3.634ns (3.018ns logic, 0.616ns route)
                                       (83.0% logic, 17.0% route)

=========================================================================
Timing constraint: Default path analysis
  Total number of paths / destination ports: 1 / 1
-------------------------------------------------------------------------
Delay:               4.372ns (Levels of Logic = 2)
  Source:            button (PAD)
  Destination:       led<0> (PAD)

  Data Path: button to led<0>
                                Gate     Net
    Cell:in->out      fanout   Delay   Delay  Logical Name (Net Name)
    ----------------------------------------  ------------
     IBUF:I->O             1   1.222   0.579  button_IBUF (led_0_OBUF)
     OBUF:I->O                 2.571          led_0_OBUF (led<0>)
    ----------------------------------------
    Total                      4.372ns (3.793ns logic, 0.579ns route)
                                       (86.8% logic, 13.2% route)

=========================================================================

Cross Clock Domains Report:
--------------------------

Clock to Setup on destination clock clk
---------------+---------+---------+---------+---------+
               | Src:Rise| Src:Fall| Src:Rise| Src:Fall|
Source Clock   |Dest:Rise|Dest:Rise|Dest:Fall|Dest:Fall|
---------------+---------+---------+---------+---------+
clk            |    3.397|         |         |         |
---------------+---------+---------+---------+---------+

=========================================================================


Total REAL time to Xst completion: 28.00 secs
Total CPU time to Xst completion: 22.69 secs
 
--> 


Total memory usage is 383900 kilobytes

Number of errors   :    0 (   0 filtered)
Number of warnings :   13 (   0 filtered)
Number of infos    :    0 (   0 filtered)

